AS_rewarded/unityUATInter7/build/outputs/logs/manifest-merger-debug-report.txt
-- Merging decision tree log ---
manifest
ADDED from src/main/AndroidManifest.xml:2:1-27:12
	package
		ADDED from src/main/AndroidManifest.xml:2:70-96
		INJECTED from src/main/AndroidManifest.xml
		INJECTED from src/main/AndroidManifest.xml
	android:versionName
		ADDED from src/main/AndroidManifest.xml:2:144-171
		INJECTED from src/main/AndroidManifest.xml
		INJECTED from src/main/AndroidManifest.xml
	xmlns:tools
		ADDED from src/main/AndroidManifest.xml:2:97-143
	android:versionCode
		ADDED from src/main/AndroidManifest.xml:2:172-195
		INJECTED from src/main/AndroidManifest.xml
		INJECTED from src/main/AndroidManifest.xml
	xmlns:android
		ADDED from src/main/AndroidManifest.xml:2:11-69
	android:installLocation
		ADDED from src/main/AndroidManifest.xml:2:196-236
supports-screens
ADDED from src/main/AndroidManifest.xml:3:3-163
	android:largeScreens
		ADDED from src/main/AndroidManifest.xml:3:78-105
	android:smallScreens
		ADDED from src/main/AndroidManifest.xml:3:21-48
	android:normalScreens
		ADDED from src/main/AndroidManifest.xml:3:49-77
	android:xlargeScreens
		ADDED from src/main/AndroidManifest.xml:3:106-134
	android:anyDensity
		ADDED from src/main/AndroidManifest.xml:3:135-160
application
ADDED from src/main/AndroidManifest.xml:4:3-16:17
MERGED from [com.vdopia.ads.lw:coresdk:2.5.2.12] AndroidManifest.xml:23:5-33:19
MERGED from [com.vdopia.ads.lw:adcolony-adapter:1.0.6] AndroidManifest.xml:23:5-34:19
MERGED from [com.vdopia.ads.lw:applovin-adapter:1.0.6] AndroidManifest.xml:23:5-32:19
MERGED from [com.vdopia.ads.lw:baidu-adapter:1.0.5] AndroidManifest.xml:29:5-70:19
MERGED from [com.vdopia.ads.lw:chartboost-adapter:1.0.7] AndroidManifest.xml:23:5-32:19
MERGED from [com.vdopia.ads.lw:facebook-adapter:1.0.5] AndroidManifest.xml:23:5-24:19
MERGED from [com.facebook.android:audience-network-sdk:4.28.0] AndroidManifest.xml:14:5-18:19
MERGED from [com.vdopia.ads.lw:google-adapter:1.0.6] AndroidManifest.xml:23:5-24:19
MERGED from [com.vdopia.ads.lw:inmobi-adapter:1.0.5] AndroidManifest.xml:24:5-34:19
MERGED from [com.vdopia.ads.lw:ironsrc-adapter:1.0.6] AndroidManifest.xml:14:5-31:19
MERGED from [com.vdopia.ads.lw:loopme-adapter:1.0.5] AndroidManifest.xml:29:5-30:19
MERGED from [com.loopme:loopme-sdk:5.2.7] AndroidManifest.xml:25:5-40:19
MERGED from [com.vdopia.ads.lw:mopub-adapter:1.0.7] AndroidManifest.xml:24:5-42:19
MERGED from [com.mopub:mopub-sdk:4.19.0] AndroidManifest.xml:11:5-20
MERGED from [com.mopub:mopub-sdk-banner:4.19.0] AndroidManifest.xml:11:5-20
MERGED from [com.mopub:mopub-sdk-rewardedvideo:4.19.0] AndroidManifest.xml:11:5-20
MERGED from [com.mopub:mopub-sdk-interstitial:4.19.0] AndroidManifest.xml:11:5-20
MERGED from [com.mopub:mopub-sdk-native-video:4.19.0] AndroidManifest.xml:11:5-20
MERGED from [com.mopub:mopub-sdk-native-static:4.19.0] AndroidManifest.xml:11:5-20
MERGED from [com.mopub:mopub-sdk-base:4.19.0] AndroidManifest.xml:11:5-20
MERGED from [com.android.support:recyclerview-v7:26.0.2] AndroidManifest.xml:22:5-26:19
MERGED from [com.vdopia.ads.lw:tapjoy-adapter:1.0.5] AndroidManifest.xml:23:5-42:19
MERGED from [com.vdopia.ads.lw:unity-adapter:1.0.7] AndroidManifest.xml:23:5-46:19
MERGED from [com.vdopia.ads.lw:unity-plugin:1.1.0] AndroidManifest.xml:23:5-24:19
MERGED from [com.vdopia.ads.lw:vungle-adapter:1.0.5] AndroidManifest.xml:23:5-34:19
MERGED from [com.vdopia.ads.lw:yahoo-adapter:1.0.5] AndroidManifest.xml:23:5-24:19
MERGED from [com.devbrackets.android:exomedia:4.0.3] AndroidManifest.xml:12:5-20
MERGED from [com.android.support:appcompat-v7:26.0.2] AndroidManifest.xml:25:5-29:19
MERGED from [com.android.support:animated-vector-drawable:26.0.2] AndroidManifest.xml:22:5-26:19
MERGED from [com.android.support:support-vector-drawable:26.0.2] AndroidManifest.xml:22:5-26:19
MERGED from [com.google.android.gms:play-services-ads-lite:11.8.0] AndroidManifest.xml:26:5-34:19
MERGED from [com.google.android.gms:play-services-ads-lite-license:11.8.0] AndroidManifest.xml:5:5-20
MERGED from [com.google.android.gms:play-services-gass:11.8.0] AndroidManifest.xml:7:5-20
MERGED from [com.google.android.gms:play-services-basement:11.8.0] AndroidManifest.xml:22:5-26:19
MERGED from [com.android.support:support-v4:26.0.2] AndroidManifest.xml:25:5-29:19
MERGED from [com.android.support:support-media-compat:26.0.2] AndroidManifest.xml:25:5-29:19
MERGED from [com.android.support:support-fragment:26.0.2] AndroidManifest.xml:25:5-29:19
MERGED from [com.android.support:support-core-ui:26.0.2] AndroidManifest.xml:25:5-29:19
MERGED from [com.android.support:support-core-utils:26.0.2] AndroidManifest.xml:25:5-29:19
MERGED from [com.android.support:support-compat:26.0.2] AndroidManifest.xml:25:5-29:19
MERGED from [com.google.android.gms:play-services-basement-license:11.8.0] AndroidManifest.xml:5:5-20
MERGED from [com.google.android.gms:play-services-gass-license:11.8.0] AndroidManifest.xml:5:5-20
MERGED from [com.google.android.gms:play-services-ads-license:11.8.0] AndroidManifest.xml:5:5-20
	android:label
		ADDED from src/main/AndroidManifest.xml:4:92-124
	android:hardwareAccelerated
		ADDED from [com.vdopia.ads.lw:coresdk:2.5.2.12] AndroidManifest.xml:23:18-52
	android:icon
		ADDED from src/main/AndroidManifest.xml:4:58-91
	android:banner
		ADDED from src/main/AndroidManifest.xml:4:147-184
	android:theme
		ADDED from src/main/AndroidManifest.xml:4:16-57
	android:isGame
		ADDED from src/main/AndroidManifest.xml:4:125-146
activity#com.vdopia.sdk21.UnityPlayerActivity
ADDED from src/main/AndroidManifest.xml:5:5-12:16
	android:screenOrientation
		ADDED from src/main/AndroidManifest.xml:5:48-86
	android:label
		ADDED from src/main/AndroidManifest.xml:5:15-47
	android:launchMode
		ADDED from src/main/AndroidManifest.xml:5:87-118
	android:configChanges
		ADDED from src/main/AndroidManifest.xml:5:119-292
	android:name
		ADDED from src/main/AndroidManifest.xml:5:293-344
intent-filter#android.intent.action.MAIN+android.intent.category.LAUNCHER+android.intent.category.LEANBACK_LAUNCHER
ADDED from src/main/AndroidManifest.xml:6:7-10:23
action#android.intent.action.MAIN
ADDED from src/main/AndroidManifest.xml:7:9-61
	android:name
		ADDED from src/main/AndroidManifest.xml:7:17-58
category#android.intent.category.LAUNCHER
ADDED from src/main/AndroidManifest.xml:8:9-69
	android:name
		ADDED from src/main/AndroidManifest.xml:8:19-66
category#android.intent.category.LEANBACK_LAUNCHER
ADDED from src/main/AndroidManifest.xml:9:9-78
	android:name
		ADDED from src/main/AndroidManifest.xml:9:19-75
meta-data#unityplayer.UnityActivity
ADDED from src/main/AndroidManifest.xml:11:7-82
	android:value
		ADDED from src/main/AndroidManifest.xml:11:59-79
	android:name
		ADDED from src/main/AndroidManifest.xml:11:18-58
meta-data#unity.build-id
ADDED from src/main/AndroidManifest.xml:13:5-101
	android:value
		ADDED from src/main/AndroidManifest.xml:13:46-98
	android:name
		ADDED from src/main/AndroidManifest.xml:13:16-45
meta-data#unity.splash-mode
ADDED from src/main/AndroidManifest.xml:14:5-69
	android:value
		ADDED from src/main/AndroidManifest.xml:14:49-66
	android:name
		ADDED from src/main/AndroidManifest.xml:14:16-48
meta-data#unity.splash-enable
ADDED from src/main/AndroidManifest.xml:15:5-74
	android:value
		ADDED from src/main/AndroidManifest.xml:15:51-71
	android:name
		ADDED from src/main/AndroidManifest.xml:15:16-50
uses-sdk
ADDED from src/main/AndroidManifest.xml:17:3-72
MERGED from [com.vdopia.ads.lw:coresdk:2.5.2.12] AndroidManifest.xml:7:5-9:41
MERGED from [com.vdopia.ads.lw:adcolony-adapter:1.0.6] AndroidManifest.xml:7:5-9:41
MERGED from [com.adcolony:sdk:3.3.0] AndroidManifest.xml:8:5-11:64
MERGED from [com.vdopia.ads.lw:applovin-adapter:1.0.6] AndroidManifest.xml:7:5-9:41
MERGED from [com.vdopia.ads.lw:baidu-adapter:1.0.5] AndroidManifest.xml:7:5-9:41
MERGED from [com.vdopia.ads.lw:chartboost-adapter:1.0.7] AndroidManifest.xml:7:5-9:41
MERGED from [com.vdopia.ads.lw:facebook-adapter:1.0.5] AndroidManifest.xml:7:5-9:41
MERGED from [com.facebook.android:audience-network-sdk:4.28.0] AndroidManifest.xml:7:5-9:41
MERGED from [com.vdopia.ads.lw:google-adapter:1.0.6] AndroidManifest.xml:7:5-9:41
MERGED from [com.vdopia.ads.lw:inmobi-adapter:1.0.5] AndroidManifest.xml:8:5-10:41
MERGED from [com.vdopia.ads.lw:ironsrc-adapter:1.0.6] AndroidManifest.xml:7:5-9:41
MERGED from [com.vdopia.ads.lw:loopme-adapter:1.0.5] AndroidManifest.xml:8:5-11:46
MERGED from [com.loopme:loopme-sdk:5.2.7] AndroidManifest.xml:8:5-10:41
MERGED from [com.vdopia.ads.lw:mopub-adapter:1.0.7] AndroidManifest.xml:8:5-10:41
MERGED from [com.mopub:mopub-sdk:4.19.0] AndroidManifest.xml:7:5-9:41
MERGED from [com.mopub:mopub-sdk-banner:4.19.0] AndroidManifest.xml:7:5-9:41
MERGED from [com.mopub:mopub-sdk-rewardedvideo:4.19.0] AndroidManifest.xml:7:5-9:41
MERGED from [com.mopub:mopub-sdk-interstitial:4.19.0] AndroidManifest.xml:7:5-9:41
MERGED from [com.mopub:mopub-sdk-native-video:4.19.0] AndroidManifest.xml:7:5-9:41
MERGED from [com.mopub:mopub-sdk-native-static:4.19.0] AndroidManifest.xml:7:5-9:41
MERGED from [com.mopub:mopub-sdk-base:4.19.0] AndroidManifest.xml:7:5-9:41
MERGED from [com.android.support:recyclerview-v7:26.0.2] AndroidManifest.xml:20:5-44
MERGED from [com.google.android.exoplayer:exoplayer:r2.4.4] AndroidManifest.xml:21:5-23:41
MERGED from [com.google.android.exoplayer:exoplayer-ui:r2.4.4] AndroidManifest.xml:21:5-23:41
MERGED from [com.vdopia.ads.lw:tapjoy-adapter:1.0.5] AndroidManifest.xml:7:5-9:41
MERGED from [com.vdopia.ads.lw:unity-adapter:1.0.7] AndroidManifest.xml:7:5-9:41
MERGED from [com.vdopia.ads.lw:unity-plugin:1.1.0] AndroidManifest.xml:7:5-9:41
MERGED from [com.vdopia.ads.lw:vungle-adapter:1.0.5] AndroidManifest.xml:7:5-9:41
MERGED from [com.vdopia.ads.lw:yahoo-adapter:1.0.5] AndroidManifest.xml:7:5-9:41
MERGED from [com.devbrackets.android:exomedia:4.0.3] AndroidManifest.xml:8:5-10:41
MERGED from [com.android.support:appcompat-v7:26.0.2] AndroidManifest.xml:21:5-23:78
MERGED from [com.android.support:animated-vector-drawable:26.0.2] AndroidManifest.xml:20:5-44
MERGED from [com.android.support:support-vector-drawable:26.0.2] AndroidManifest.xml:20:5-44
MERGED from [com.google.android.exoplayer:exoplayer-dash:r2.4.4] AndroidManifest.xml:21:5-23:41
MERGED from [com.google.android.exoplayer:exoplayer-hls:r2.4.4] AndroidManifest.xml:21:5-23:41
MERGED from [com.google.android.exoplayer:exoplayer-smoothstreaming:r2.4.4] AndroidManifest.xml:21:5-23:41
MERGED from [com.google.android.exoplayer:exoplayer-core:r2.4.4] AndroidManifest.xml:21:5-23:41
MERGED from [com.android.support:multidex:1.0.2] AndroidManifest.xml:20:5-43
MERGED from [com.google.android.gms:play-services-ads:11.8.0] AndroidManifest.xml:21:5-23:62
MERGED from [com.google.android.gms:play-services-ads-lite:11.8.0] AndroidManifest.xml:20:5-44
MERGED from [com.google.android.gms:play-services-ads-lite-license:11.8.0] AndroidManifest.xml:4:5-43
MERGED from [com.google.android.gms:play-services-gass:11.8.0] AndroidManifest.xml:5:5-44
MERGED from [com.google.android.gms:play-services-basement:11.8.0] AndroidManifest.xml:20:5-44
MERGED from [com.android.support:support-v4:26.0.2] AndroidManifest.xml:21:5-23:54
MERGED from [com.android.support:support-media-compat:26.0.2] AndroidManifest.xml:21:5-23:63
MERGED from [com.android.support:support-fragment:26.0.2] AndroidManifest.xml:21:5-23:60
MERGED from [com.android.support:support-core-ui:26.0.2] AndroidManifest.xml:21:5-23:58
MERGED from [com.android.support:support-core-utils:26.0.2] AndroidManifest.xml:21:5-23:61
MERGED from [com.android.support:support-compat:26.0.2] AndroidManifest.xml:21:5-23:58
MERGED from [com.google.android.gms:play-services-basement-license:11.8.0] AndroidManifest.xml:4:5-43
MERGED from [com.google.android.gms:play-services-gass-license:11.8.0] AndroidManifest.xml:4:5-43
MERGED from [com.google.android.gms:play-services-ads-license:11.8.0] AndroidManifest.xml:4:5-43
	tools:overrideLibrary
		ADDED from [com.adcolony:sdk:3.3.0] AndroidManifest.xml:11:9-61
	android:targetSdkVersion
		ADDED from src/main/AndroidManifest.xml:17:40-69
		INJECTED from src/main/AndroidManifest.xml
		INJECTED from src/main/AndroidManifest.xml
	android:minSdkVersion
		ADDED from src/main/AndroidManifest.xml:17:13-39
		INJECTED from src/main/AndroidManifest.xml
		INJECTED from src/main/AndroidManifest.xml
uses-feature#0x00020000
ADDED from src/main/AndroidManifest.xml:18:3-52
	android:glEsVersion
		ADDED from src/main/AndroidManifest.xml:18:17-49
uses-feature#android.hardware.vulkan
ADDED from src/main/AndroidManifest.xml:19:3-83
	android:required
		ADDED from src/main/AndroidManifest.xml:19:56-80
	android:name
		ADDED from src/main/AndroidManifest.xml:19:17-55
uses-permission#android.permission.ACCESS_FINE_LOCATION
ADDED from src/main/AndroidManifest.xml:20:3-77
MERGED from [com.vdopia.ads.lw:coresdk:2.5.2.12] AndroidManifest.xml:20:5-79
MERGED from [com.vdopia.ads.lw:adcolony-adapter:1.0.6] AndroidManifest.xml:20:5-79
MERGED from [com.vdopia.ads.lw:applovin-adapter:1.0.6] AndroidManifest.xml:20:5-79
MERGED from [com.vdopia.ads.lw:chartboost-adapter:1.0.7] AndroidManifest.xml:20:5-79
MERGED from [com.vdopia.ads.lw:facebook-adapter:1.0.5] AndroidManifest.xml:20:5-79
MERGED from [com.vdopia.ads.lw:google-adapter:1.0.6] AndroidManifest.xml:20:5-79
MERGED from [com.vdopia.ads.lw:inmobi-adapter:1.0.5] AndroidManifest.xml:21:5-79
MERGED from [com.loopme:loopme-sdk:5.2.7] AndroidManifest.xml:17:5-79
MERGED from [com.vdopia.ads.lw:mopub-adapter:1.0.7] AndroidManifest.xml:21:5-79
MERGED from [com.vdopia.ads.lw:tapjoy-adapter:1.0.5] AndroidManifest.xml:20:5-79
MERGED from [com.vdopia.ads.lw:unity-adapter:1.0.7] AndroidManifest.xml:20:5-79
MERGED from [com.vdopia.ads.lw:unity-plugin:1.1.0] AndroidManifest.xml:20:5-79
MERGED from [com.vdopia.ads.lw:vungle-adapter:1.0.5] AndroidManifest.xml:20:5-79
MERGED from [com.vdopia.ads.lw:yahoo-adapter:1.0.5] AndroidManifest.xml:20:5-79
	android:name
		ADDED from src/main/AndroidManifest.xml:20:20-74
uses-feature#android.hardware.location.gps
ADDED from src/main/AndroidManifest.xml:21:3-89
	android:required
		ADDED from src/main/AndroidManifest.xml:21:62-86
	android:name
		ADDED from src/main/AndroidManifest.xml:21:17-61
uses-feature#android.hardware.location
ADDED from src/main/AndroidManifest.xml:22:3-85
	android:required
		ADDED from src/main/AndroidManifest.xml:22:58-82
	android:name
		ADDED from src/main/AndroidManifest.xml:22:17-57
uses-feature#android.hardware.sensor.accelerometer
ADDED from src/main/AndroidManifest.xml:23:3-97
	android:required
		ADDED from src/main/AndroidManifest.xml:23:70-94
	android:name
		ADDED from src/main/AndroidManifest.xml:23:17-69
uses-feature#android.hardware.touchscreen
ADDED from src/main/AndroidManifest.xml:24:3-88
	android:required
		ADDED from src/main/AndroidManifest.xml:24:61-85
	android:name
		ADDED from src/main/AndroidManifest.xml:24:17-60
uses-feature#android.hardware.touchscreen.multitouch
ADDED from src/main/AndroidManifest.xml:25:3-99
	android:required
		ADDED from src/main/AndroidManifest.xml:25:72-96
	android:name
		ADDED from src/main/AndroidManifest.xml:25:17-71
uses-feature#android.hardware.touchscreen.multitouch.distinct
ADDED from src/main/AndroidManifest.xml:26:3-108
	android:required
		ADDED from src/main/AndroidManifest.xml:26:81-105
	android:name
		ADDED from src/main/AndroidManifest.xml:26:17-80
uses-permission#android.permission.INTERNET
ADDED from [com.vdopia.ads.lw:coresdk:2.5.2.12] AndroidManifest.xml:11:5-67
MERGED from [com.vdopia.ads.lw:adcolony-adapter:1.0.6] AndroidManifest.xml:11:5-67
MERGED from [com.vdopia.ads.lw:applovin-adapter:1.0.6] AndroidManifest.xml:11:5-67
MERGED from [com.vdopia.ads.lw:baidu-adapter:1.0.5] AndroidManifest.xml:12:5-67
MERGED from [com.vdopia.ads.lw:chartboost-adapter:1.0.7] AndroidManifest.xml:11:5-67
MERGED from [com.vdopia.ads.lw:facebook-adapter:1.0.5] AndroidManifest.xml:11:5-67
MERGED from [com.facebook.android:audience-network-sdk:4.28.0] AndroidManifest.xml:11:5-67
MERGED from [com.vdopia.ads.lw:google-adapter:1.0.6] AndroidManifest.xml:11:5-67
MERGED from [com.vdopia.ads.lw:inmobi-adapter:1.0.5] AndroidManifest.xml:12:5-67
MERGED from [com.vdopia.ads.lw:ironsrc-adapter:1.0.6] AndroidManifest.xml:11:5-67
MERGED from [com.vdopia.ads.lw:loopme-adapter:1.0.5] AndroidManifest.xml:13:5-67
MERGED from [com.loopme:loopme-sdk:5.2.7] AndroidManifest.xml:13:5-67
MERGED from [com.vdopia.ads.lw:mopub-adapter:1.0.7] AndroidManifest.xml:12:5-67
MERGED from [com.vdopia.ads.lw:tapjoy-adapter:1.0.5] AndroidManifest.xml:11:5-67
MERGED from [com.vdopia.ads.lw:unity-adapter:1.0.7] AndroidManifest.xml:11:5-67
MERGED from [com.vdopia.ads.lw:unity-plugin:1.1.0] AndroidManifest.xml:11:5-67
MERGED from [com.vdopia.ads.lw:vungle-adapter:1.0.5] AndroidManifest.xml:11:5-67
MERGED from [com.vdopia.ads.lw:yahoo-adapter:1.0.5] AndroidManifest.xml:11:5-67
MERGED from [com.google.android.gms:play-services-ads-lite:11.8.0] AndroidManifest.xml:23:5-67
	android:name
		ADDED from [com.vdopia.ads.lw:coresdk:2.5.2.12] AndroidManifest.xml:11:22-64
uses-permission#android.permission.ACCESS_NETWORK_STATE
ADDED from [com.vdopia.ads.lw:coresdk:2.5.2.12] AndroidManifest.xml:12:5-79
MERGED from [com.vdopia.ads.lw:adcolony-adapter:1.0.6] AndroidManifest.xml:12:5-79
MERGED from [com.vdopia.ads.lw:applovin-adapter:1.0.6] AndroidManifest.xml:12:5-79
MERGED from [com.vdopia.ads.lw:baidu-adapter:1.0.5] AndroidManifest.xml:13:5-79
MERGED from [com.vdopia.ads.lw:chartboost-adapter:1.0.7] AndroidManifest.xml:12:5-79
MERGED from [com.vdopia.ads.lw:facebook-adapter:1.0.5] AndroidManifest.xml:12:5-79
MERGED from [com.facebook.android:audience-network-sdk:4.28.0] AndroidManifest.xml:12:5-79
MERGED from [com.vdopia.ads.lw:google-adapter:1.0.6] AndroidManifest.xml:12:5-79
MERGED from [com.vdopia.ads.lw:inmobi-adapter:1.0.5] AndroidManifest.xml:13:5-79
MERGED from [com.vdopia.ads.lw:ironsrc-adapter:1.0.6] AndroidManifest.xml:12:5-79
MERGED from [com.vdopia.ads.lw:loopme-adapter:1.0.5] AndroidManifest.xml:14:5-79
MERGED from [com.loopme:loopme-sdk:5.2.7] AndroidManifest.xml:14:5-79
MERGED from [com.vdopia.ads.lw:mopub-adapter:1.0.7] AndroidManifest.xml:13:5-79
MERGED from [com.vdopia.ads.lw:tapjoy-adapter:1.0.5] AndroidManifest.xml:12:5-79
MERGED from [com.vdopia.ads.lw:unity-adapter:1.0.7] AndroidManifest.xml:12:5-79
MERGED from [com.vdopia.ads.lw:unity-plugin:1.1.0] AndroidManifest.xml:12:5-79
MERGED from [com.vdopia.ads.lw:vungle-adapter:1.0.5] AndroidManifest.xml:12:5-79
MERGED from [com.vdopia.ads.lw:yahoo-adapter:1.0.5] AndroidManifest.xml:12:5-79
MERGED from [com.google.android.gms:play-services-ads-lite:11.8.0] AndroidManifest.xml:24:5-79
	android:name
		ADDED from [com.vdopia.ads.lw:coresdk:2.5.2.12] AndroidManifest.xml:12:22-76
uses-permission#android.permission.ACCESS_WIFI_STATE
ADDED from [com.vdopia.ads.lw:coresdk:2.5.2.12] AndroidManifest.xml:13:5-76
MERGED from [com.vdopia.ads.lw:adcolony-adapter:1.0.6] AndroidManifest.xml:13:5-76
MERGED from [com.vdopia.ads.lw:applovin-adapter:1.0.6] AndroidManifest.xml:13:5-76
MERGED from [com.vdopia.ads.lw:baidu-adapter:1.0.5] AndroidManifest.xml:11:5-76
MERGED from [com.vdopia.ads.lw:chartboost-adapter:1.0.7] AndroidManifest.xml:13:5-76
MERGED from [com.vdopia.ads.lw:facebook-adapter:1.0.5] AndroidManifest.xml:13:5-76
MERGED from [com.vdopia.ads.lw:google-adapter:1.0.6] AndroidManifest.xml:13:5-76
MERGED from [com.vdopia.ads.lw:inmobi-adapter:1.0.5] AndroidManifest.xml:14:5-76
MERGED from [com.vdopia.ads.lw:loopme-adapter:1.0.5] AndroidManifest.xml:15:5-76
MERGED from [com.loopme:loopme-sdk:5.2.7] AndroidManifest.xml:15:5-76
MERGED from [com.vdopia.ads.lw:mopub-adapter:1.0.7] AndroidManifest.xml:14:5-76
MERGED from [com.vdopia.ads.lw:tapjoy-adapter:1.0.5] AndroidManifest.xml:13:5-76
MERGED from [com.vdopia.ads.lw:unity-adapter:1.0.7] AndroidManifest.xml:13:5-76
MERGED from [com.vdopia.ads.lw:unity-plugin:1.1.0] AndroidManifest.xml:13:5-76
MERGED from [com.vdopia.ads.lw:vungle-adapter:1.0.5] AndroidManifest.xml:13:5-76
MERGED from [com.vdopia.ads.lw:yahoo-adapter:1.0.5] AndroidManifest.xml:13:5-76
	android:name
		ADDED from [com.vdopia.ads.lw:coresdk:2.5.2.12] AndroidManifest.xml:13:22-73
uses-permission#android.permission.CHANGE_WIFI_STATE
ADDED from [com.vdopia.ads.lw:coresdk:2.5.2.12] AndroidManifest.xml:14:5-76
MERGED from [com.vdopia.ads.lw:adcolony-adapter:1.0.6] AndroidManifest.xml:14:5-76
MERGED from [com.vdopia.ads.lw:applovin-adapter:1.0.6] AndroidManifest.xml:14:5-76
MERGED from [com.vdopia.ads.lw:chartboost-adapter:1.0.7] AndroidManifest.xml:14:5-76
MERGED from [com.vdopia.ads.lw:facebook-adapter:1.0.5] AndroidManifest.xml:14:5-76
MERGED from [com.vdopia.ads.lw:google-adapter:1.0.6] AndroidManifest.xml:14:5-76
MERGED from [com.vdopia.ads.lw:inmobi-adapter:1.0.5] AndroidManifest.xml:15:5-76
MERGED from [com.vdopia.ads.lw:mopub-adapter:1.0.7] AndroidManifest.xml:15:5-76
MERGED from [com.vdopia.ads.lw:tapjoy-adapter:1.0.5] AndroidManifest.xml:14:5-76
MERGED from [com.vdopia.ads.lw:unity-adapter:1.0.7] AndroidManifest.xml:14:5-76
MERGED from [com.vdopia.ads.lw:unity-plugin:1.1.0] AndroidManifest.xml:14:5-76
MERGED from [com.vdopia.ads.lw:vungle-adapter:1.0.5] AndroidManifest.xml:14:5-76
MERGED from [com.vdopia.ads.lw:yahoo-adapter:1.0.5] AndroidManifest.xml:14:5-76
	android:name
		ADDED from [com.vdopia.ads.lw:coresdk:2.5.2.12] AndroidManifest.xml:14:22-73
uses-permission#android.permission.SEND_SMS
ADDED from [com.vdopia.ads.lw:coresdk:2.5.2.12] AndroidManifest.xml:15:5-67
MERGED from [com.vdopia.ads.lw:adcolony-adapter:1.0.6] AndroidManifest.xml:15:5-67
MERGED from [com.vdopia.ads.lw:applovin-adapter:1.0.6] AndroidManifest.xml:15:5-67
MERGED from [com.vdopia.ads.lw:chartboost-adapter:1.0.7] AndroidManifest.xml:15:5-67
MERGED from [com.vdopia.ads.lw:facebook-adapter:1.0.5] AndroidManifest.xml:15:5-67
MERGED from [com.vdopia.ads.lw:google-adapter:1.0.6] AndroidManifest.xml:15:5-67
MERGED from [com.vdopia.ads.lw:inmobi-adapter:1.0.5] AndroidManifest.xml:16:5-67
MERGED from [com.vdopia.ads.lw:mopub-adapter:1.0.7] AndroidManifest.xml:16:5-67
MERGED from [com.vdopia.ads.lw:tapjoy-adapter:1.0.5] AndroidManifest.xml:15:5-67
MERGED from [com.vdopia.ads.lw:unity-adapter:1.0.7] AndroidManifest.xml:15:5-67
MERGED from [com.vdopia.ads.lw:unity-plugin:1.1.0] AndroidManifest.xml:15:5-67
MERGED from [com.vdopia.ads.lw:vungle-adapter:1.0.5] AndroidManifest.xml:15:5-67
MERGED from [com.vdopia.ads.lw:yahoo-adapter:1.0.5] AndroidManifest.xml:15:5-67
	android:name
		ADDED from [com.vdopia.ads.lw:coresdk:2.5.2.12] AndroidManifest.xml:15:22-64
uses-permission#android.permission.CALL_PHONE
ADDED from [com.vdopia.ads.lw:coresdk:2.5.2.12] AndroidManifest.xml:16:5-69
MERGED from [com.vdopia.ads.lw:adcolony-adapter:1.0.6] AndroidManifest.xml:16:5-69
MERGED from [com.vdopia.ads.lw:applovin-adapter:1.0.6] AndroidManifest.xml:16:5-69
MERGED from [com.vdopia.ads.lw:chartboost-adapter:1.0.7] AndroidManifest.xml:16:5-69
MERGED from [com.vdopia.ads.lw:facebook-adapter:1.0.5] AndroidManifest.xml:16:5-69
MERGED from [com.vdopia.ads.lw:google-adapter:1.0.6] AndroidManifest.xml:16:5-69
MERGED from [com.vdopia.ads.lw:inmobi-adapter:1.0.5] AndroidManifest.xml:17:5-69
MERGED from [com.vdopia.ads.lw:mopub-adapter:1.0.7] AndroidManifest.xml:17:5-69
MERGED from [com.vdopia.ads.lw:tapjoy-adapter:1.0.5] AndroidManifest.xml:16:5-69
MERGED from [com.vdopia.ads.lw:unity-adapter:1.0.7] AndroidManifest.xml:16:5-69
MERGED from [com.vdopia.ads.lw:unity-plugin:1.1.0] AndroidManifest.xml:16:5-69
MERGED from [com.vdopia.ads.lw:vungle-adapter:1.0.5] AndroidManifest.xml:16:5-69
MERGED from [com.vdopia.ads.lw:yahoo-adapter:1.0.5] AndroidManifest.xml:16:5-69
	android:name
		ADDED from [com.vdopia.ads.lw:coresdk:2.5.2.12] AndroidManifest.xml:16:22-66
uses-permission#android.permission.READ_PHONE_STATE
ADDED from [com.vdopia.ads.lw:coresdk:2.5.2.12] AndroidManifest.xml:17:5-75
MERGED from [com.vdopia.ads.lw:adcolony-adapter:1.0.6] AndroidManifest.xml:17:5-75
MERGED from [com.vdopia.ads.lw:applovin-adapter:1.0.6] AndroidManifest.xml:17:5-75
MERGED from [com.vdopia.ads.lw:chartboost-adapter:1.0.7] AndroidManifest.xml:17:5-75
MERGED from [com.vdopia.ads.lw:facebook-adapter:1.0.5] AndroidManifest.xml:17:5-75
MERGED from [com.vdopia.ads.lw:google-adapter:1.0.6] AndroidManifest.xml:17:5-75
MERGED from [com.vdopia.ads.lw:inmobi-adapter:1.0.5] AndroidManifest.xml:18:5-75
MERGED from [com.loopme:loopme-sdk:5.2.7] AndroidManifest.xml:20:5-75
MERGED from [com.vdopia.ads.lw:mopub-adapter:1.0.7] AndroidManifest.xml:18:5-75
MERGED from [com.vdopia.ads.lw:tapjoy-adapter:1.0.5] AndroidManifest.xml:17:5-75
MERGED from [com.vdopia.ads.lw:unity-adapter:1.0.7] AndroidManifest.xml:17:5-75
MERGED from [com.vdopia.ads.lw:unity-plugin:1.1.0] AndroidManifest.xml:17:5-75
MERGED from [com.vdopia.ads.lw:vungle-adapter:1.0.5] AndroidManifest.xml:17:5-75
MERGED from [com.vdopia.ads.lw:yahoo-adapter:1.0.5] AndroidManifest.xml:17:5-75
	android:name
		ADDED from [com.vdopia.ads.lw:coresdk:2.5.2.12] AndroidManifest.xml:17:22-72
uses-permission#android.permission.READ_CALENDAR
ADDED from [com.vdopia.ads.lw:coresdk:2.5.2.12] AndroidManifest.xml:18:5-72
MERGED from [com.vdopia.ads.lw:adcolony-adapter:1.0.6] AndroidManifest.xml:18:5-72
MERGED from [com.vdopia.ads.lw:applovin-adapter:1.0.6] AndroidManifest.xml:18:5-72
MERGED from [com.vdopia.ads.lw:chartboost-adapter:1.0.7] AndroidManifest.xml:18:5-72
MERGED from [com.vdopia.ads.lw:facebook-adapter:1.0.5] AndroidManifest.xml:18:5-72
MERGED from [com.vdopia.ads.lw:google-adapter:1.0.6] AndroidManifest.xml:18:5-72
MERGED from [com.vdopia.ads.lw:inmobi-adapter:1.0.5] AndroidManifest.xml:19:5-72
MERGED from [com.vdopia.ads.lw:mopub-adapter:1.0.7] AndroidManifest.xml:19:5-72
MERGED from [com.vdopia.ads.lw:tapjoy-adapter:1.0.5] AndroidManifest.xml:18:5-72
MERGED from [com.vdopia.ads.lw:unity-adapter:1.0.7] AndroidManifest.xml:18:5-72
MERGED from [com.vdopia.ads.lw:unity-plugin:1.1.0] AndroidManifest.xml:18:5-72
MERGED from [com.vdopia.ads.lw:vungle-adapter:1.0.5] AndroidManifest.xml:18:5-72
MERGED from [com.vdopia.ads.lw:yahoo-adapter:1.0.5] AndroidManifest.xml:18:5-72
	android:name
		ADDED from [com.vdopia.ads.lw:coresdk:2.5.2.12] AndroidManifest.xml:18:22-69
uses-permission#android.permission.WRITE_CALENDAR
ADDED from [com.vdopia.ads.lw:coresdk:2.5.2.12] AndroidManifest.xml:19:5-73
MERGED from [com.vdopia.ads.lw:adcolony-adapter:1.0.6] AndroidManifest.xml:19:5-73
MERGED from [com.vdopia.ads.lw:applovin-adapter:1.0.6] AndroidManifest.xml:19:5-73
MERGED from [com.vdopia.ads.lw:chartboost-adapter:1.0.7] AndroidManifest.xml:19:5-73
MERGED from [com.vdopia.ads.lw:facebook-adapter:1.0.5] AndroidManifest.xml:19:5-73
MERGED from [com.vdopia.ads.lw:google-adapter:1.0.6] AndroidManifest.xml:19:5-73
MERGED from [com.vdopia.ads.lw:inmobi-adapter:1.0.5] AndroidManifest.xml:20:5-73
MERGED from [com.vdopia.ads.lw:mopub-adapter:1.0.7] AndroidManifest.xml:20:5-73
MERGED from [com.vdopia.ads.lw:tapjoy-adapter:1.0.5] AndroidManifest.xml:19:5-73
MERGED from [com.vdopia.ads.lw:unity-adapter:1.0.7] AndroidManifest.xml:19:5-73
MERGED from [com.vdopia.ads.lw:unity-plugin:1.1.0] AndroidManifest.xml:19:5-73
MERGED from [com.vdopia.ads.lw:vungle-adapter:1.0.5] AndroidManifest.xml:19:5-73
MERGED from [com.vdopia.ads.lw:yahoo-adapter:1.0.5] AndroidManifest.xml:19:5-73
	android:name
		ADDED from [com.vdopia.ads.lw:coresdk:2.5.2.12] AndroidManifest.xml:19:22-70
uses-permission#android.permission.ACCESS_COARSE_LOCATION
ADDED from [com.vdopia.ads.lw:coresdk:2.5.2.12] AndroidManifest.xml:21:5-81
MERGED from [com.vdopia.ads.lw:adcolony-adapter:1.0.6] AndroidManifest.xml:21:5-81
MERGED from [com.vdopia.ads.lw:applovin-adapter:1.0.6] AndroidManifest.xml:21:5-81
MERGED from [com.vdopia.ads.lw:chartboost-adapter:1.0.7] AndroidManifest.xml:21:5-81
MERGED from [com.vdopia.ads.lw:facebook-adapter:1.0.5] AndroidManifest.xml:21:5-81
MERGED from [com.vdopia.ads.lw:google-adapter:1.0.6] AndroidManifest.xml:21:5-81
MERGED from [com.vdopia.ads.lw:inmobi-adapter:1.0.5] AndroidManifest.xml:22:5-81
MERGED from [com.loopme:loopme-sdk:5.2.7] AndroidManifest.xml:16:5-81
MERGED from [com.vdopia.ads.lw:mopub-adapter:1.0.7] AndroidManifest.xml:22:5-81
MERGED from [com.vdopia.ads.lw:tapjoy-adapter:1.0.5] AndroidManifest.xml:21:5-81
MERGED from [com.vdopia.ads.lw:unity-adapter:1.0.7] AndroidManifest.xml:21:5-81
MERGED from [com.vdopia.ads.lw:unity-plugin:1.1.0] AndroidManifest.xml:21:5-81
MERGED from [com.vdopia.ads.lw:vungle-adapter:1.0.5] AndroidManifest.xml:21:5-81
MERGED from [com.vdopia.ads.lw:yahoo-adapter:1.0.5] AndroidManifest.xml:21:5-81
	android:name
		ADDED from [com.vdopia.ads.lw:coresdk:2.5.2.12] AndroidManifest.xml:21:22-78
activity#com.vdopia.ads.lw.LVDOAdActivity
ADDED from [com.vdopia.ads.lw:coresdk:2.5.2.12] AndroidManifest.xml:26:9-29:75
	android:configChanges
		ADDED from [com.vdopia.ads.lw:coresdk:2.5.2.12] AndroidManifest.xml:28:13-122
	android:theme
		ADDED from [com.vdopia.ads.lw:coresdk:2.5.2.12] AndroidManifest.xml:29:13-72
	android:name
		ADDED from [com.vdopia.ads.lw:coresdk:2.5.2.12] AndroidManifest.xml:27:13-60
activity#com.vdopia.ads.lw.mraid.VDOBrowserActivity
ADDED from [com.vdopia.ads.lw:coresdk:2.5.2.12] AndroidManifest.xml:30:9-32:125
	android:configChanges
		ADDED from [com.vdopia.ads.lw:coresdk:2.5.2.12] AndroidManifest.xml:32:13-122
	android:name
		ADDED from [com.vdopia.ads.lw:coresdk:2.5.2.12] AndroidManifest.xml:31:13-70
activity#com.adcolony.sdk.AdColonyInterstitialActivity
ADDED from [com.vdopia.ads.lw:adcolony-adapter:1.0.6] AndroidManifest.xml:26:9-29:50
	android:hardwareAccelerated
		ADDED from [com.vdopia.ads.lw:adcolony-adapter:1.0.6] AndroidManifest.xml:29:13-47
	android:configChanges
		ADDED from [com.vdopia.ads.lw:adcolony-adapter:1.0.6] AndroidManifest.xml:28:13-122
	android:name
		ADDED from [com.vdopia.ads.lw:adcolony-adapter:1.0.6] AndroidManifest.xml:27:13-73
activity#com.adcolony.sdk.AdColonyAdViewActivity